<?xml version="1.0" encoding="UTF-8"?>
<!-- Generated by org.testng.reporters.JUnitReportReporter -->
<testsuite hostname="DESKTOP-HC18IFA" failures="0" tests="2" name="regression.testngclass" time="0.019" errors="0" timestamp="2021-03-01T00:04:28 EST" skipped="0">
  <testcase classname="regression.testngclass" name="douserReg" time="0.017"/>
  <system-out/>
  <testcase classname="regression.testngclass" name="douserLogin" time="0.002"/>
  <system-out/>
</testsuite> <!-- regression.testngclass -->
