<?xml version="1.0" encoding="UTF-8"?>
<!-- Generated by org.testng.reporters.JUnitReportReporter -->
<testsuite hostname="DESKTOP-HC18IFA" failures="0" tests="1" name="testngpackage.class3" time="0.001" errors="0" timestamp="2021-03-01T00:24:09 EST" skipped="0">
  <testcase classname="testngpackage.class3" name="method4" time="0.001"/>
  <system-out/>
</testsuite> <!-- testngpackage.class3 -->
