<?xml version="1.0" encoding="UTF-8"?>
<!-- Generated by org.testng.reporters.JUnitReportReporter -->
<testsuite hostname="DESKTOP-HC18IFA" failures="0" tests="2" name="testngpackage.testngclass" time="0.008" errors="0" timestamp="2021-03-01T00:24:09 EST" skipped="0">
  <testcase classname="testngpackage.testngclass" name="douserReg" time="0.006"/>
  <system-out/>
  <testcase classname="testngpackage.testngclass" name="douserLogin" time="0.002"/>
  <system-out/>
</testsuite> <!-- testngpackage.testngclass -->
