<?xml version="1.0" encoding="UTF-8"?>
<!-- Generated by org.testng.reporters.JUnitReportReporter -->
<testsuite hostname="DESKTOP-HC18IFA" failures="0" tests="2" name="testgroups.testngclass" time="0.004" errors="0" timestamp="2021-01-29T01:13:27 EST" skipped="0">
  <testcase classname="testgroups.testngclass" name="douserReg" time="0.003"/>
  <system-out/>
  <testcase classname="testgroups.testngclass" name="douserLogin" time="0.001"/>
  <system-out/>
</testsuite> <!-- testgroups.testngclass -->
